<?xml version="1.0" encoding="UTF-8"?>
<!-- Generated by org.testng.reporters.JUnitReportReporter -->
<testsuite skipped="0" hostname="DESKTOP-UUTUU8G" name="LearningMaven.RestApiTest" tests="3" failures="0" timestamp="10 Jun 2019 06:18:19 GMT" time="0.002" errors="0">
  <testcase name="postJira" time="0.001" classname="LearningMaven.RestApiTest"/>
  <testcase name="DeleteJira" time="0.001" classname="LearningMaven.RestApiTest"/>
  <testcase name="post" time="0.000" classname="LearningMaven.RestApiTest"/>
</testsuite> <!-- LearningMaven.RestApiTest -->
