<?xml version="1.0" encoding="UTF-8"?>
<!-- Generated by org.testng.reporters.JUnitReportReporter -->
<testsuite skipped="0" hostname="DESKTOP-UUTUU8G" name="LearningMaven.AppiumTest" tests="2" failures="0" timestamp="10 Jun 2019 06:18:19 GMT" time="0.031" errors="0">
  <testcase name="LauchApp" time="0.031" classname="LearningMaven.AppiumTest"/>
  <testcase name="QuitApp" time="0.000" classname="LearningMaven.AppiumTest"/>
</testsuite> <!-- LearningMaven.AppiumTest -->
