<?xml version="1.0" encoding="UTF-8"?>
<!-- Generated by org.testng.reporters.JUnitReportReporter -->
<testsuite skipped="0" hostname="DESKTOP-UUTUU8G" name="LearningMaven.SeleniumTest" tests="2" failures="0" timestamp="10 Jun 2019 06:05:25 GMT" time="0.005" errors="0">
  <testcase name="QuitBrowser" time="0.003" classname="LearningMaven.SeleniumTest"/>
  <testcase name="LaunchDriver" time="0.002" classname="LearningMaven.SeleniumTest"/>
</testsuite> <!-- LearningMaven.SeleniumTest -->
